WARNING: Environment variable LD_PRELOAD already has value [], will not forward new value [/apps/xalt/xalt/lib64/libxalt_init.so] from parent process environment
Create self BLAST database


Building a new DB, current time: 02/27/2024 13:04:10
New DB name:   /fs/ess/PAS1117/riddell26/Grantham_Bioreactor/06-competitive-mapping/01-combined-database/clustered_combined_scaffolds.fna/combined_scaffolds.fna.db
New DB title:  ../01-combined-database/combined_scaffolds.fna
Sequence type: Nucleotide
Deleted existing Nucleotide BLAST database named /fs/ess/PAS1117/riddell26/Grantham_Bioreactor/06-competitive-mapping/01-combined-database/clustered_combined_scaffolds.fna/combined_scaffolds.fna.db
Keep MBits: T
Maximum file size: 1000000000B
Adding sequences from FASTA; added 732127 sequences in 51.5336 seconds.


Calculating pairwise ANI
Running clustering on ../01-combined-database/clustered_combined_scaffolds.fna/combined_scaffolds.fna.self-blastn.ani.tsv using aniclust.py

reading sequences...
732127 sequences retained from fna
time: 8.49 seconds, peak RAM: 0.21 GB

storing edges...
242620 edges retained from blastani
242620 edges currently stored
time: 130.63 seconds, peak RAM: 0.27 GB

clustering...
643929 total clusters
time: 132.07 seconds, peak RAM: 0.36 GB

writing clusters...
time: 132.39 seconds, peak RAM: 0.36 GB
Parsing clusters: Building list of representatives
Parsing clusters: Writing 643929 records to f../01-combined-database/clustered_combined_scaffolds.fna/combined_scaffolds.fna.self-blastn.clusters.fna
Dereplicated 732127 sequences into 643929 cluster representatives
