WARNING: Environment variable LD_PRELOAD already has value [], will not forward new value [/apps/xalt/xalt/lib64/libxalt_init.so] from parent process environment
Create self BLAST database


Building a new DB, current time: 01/24/2025 11:08:21
New DB name:   /fs/ess/PAS1117/riddell26/Grantham_Bioreactor/01-build-vOTU-database/results/vs2_sop_genomad_stordalen_emerson2018_combined_vOTUs/enterobacter_vOTU_and_vcontact3_cluster_references/enterobacter_vOTU_and_vcontact3_cluster_references.fna.db
New DB title:  ../results/vs2_sop_genomad_stordalen_emerson2018_combined_vOTUs/enterobacter_vOTU_and_vcontact3_cluster_references.fna
Sequence type: Nucleotide
Keep MBits: T
Maximum file size: 1000000000B
Adding sequences from FASTA; added 98 sequences in 0.0480411 seconds.


Running all-verses-all pairwise BLAST
Warning: [blastn] Number of threads was reduced to 40 to match the number of available CPUs
Calculating pairwise ANI
Running clustering on ../results/vs2_sop_genomad_stordalen_emerson2018_combined_vOTUs/enterobacter_vOTU_and_vcontact3_cluster_references/enterobacter_vOTU_and_vcontact3_cluster_references.fna.self-blastn.ani.tsv using aniclust.py

reading sequences...
98 sequences retained from fna
time: 0.04 seconds, peak RAM: 0.03 GB

storing edges...
27 edges retained from blastani
27 edges currently stored
time: 0.04 seconds, peak RAM: 0.03 GB

clustering...
88 total clusters
time: 0.04 seconds, peak RAM: 0.03 GB

writing clusters...
time: 0.05 seconds, peak RAM: 0.03 GB
Parsing clusters: Building list of representatives
Parsing clusters: Writing 88 records to f../results/vs2_sop_genomad_stordalen_emerson2018_combined_vOTUs/enterobacter_vOTU_and_vcontact3_cluster_references/enterobacter_vOTU_and_vcontact3_cluster_references.fna.self-blastn.clusters.fna
Dereplicated 98 sequences into 88 cluster representatives
