WARNING: Environment variable LD_PRELOAD already has value [], will not forward new value [/apps/xalt/xalt/lib64/libxalt_init.so] from parent process environment
Create self BLAST database


Building a new DB, current time: 06/05/2024 19:05:52
New DB name:   /fs/ess/PAS1117/riddell26/Grantham_Bioreactor/01-build-vOTU-database/results/vs2_sop_viral_contigs_stordalen_vOTUs_combined/vs2_sop_viral_contigs_stordalen_vOTUs_combined.fa.db
New DB title:  ../results/viral_contigs/vs2_sop_viral_contigs_stordalen_vOTUs_combined.fa
Sequence type: Nucleotide
Keep MBits: T
Maximum file size: 1000000000B
Adding sequences from FASTA; added 16112 sequences in 1.76793 seconds.


Running all-verses-all pairwise BLAST
Calculating pairwise ANI
Running clustering on ../results/vs2_sop_viral_contigs_stordalen_vOTUs_combined/vs2_sop_viral_contigs_stordalen_vOTUs_combined.fa.self-blastn.ani.tsv using aniclust.py

reading sequences...
16112 sequences retained from fna
time: 1.15 seconds, peak RAM: 0.03 GB

storing edges...
25997 edges retained from blastani
25997 edges currently stored
time: 4.39 seconds, peak RAM: 0.03 GB

clustering...
10698 total clusters
time: 4.4 seconds, peak RAM: 0.03 GB

writing clusters...
time: 4.47 seconds, peak RAM: 0.03 GB
Parsing clusters: Building list of representatives
Parsing clusters: Writing 10698 records to f../results/vs2_sop_viral_contigs_stordalen_vOTUs_combined/vs2_sop_viral_contigs_stordalen_vOTUs_combined.fa.self-blastn.clusters.fna
Dereplicated 16112 sequences into 10698 cluster representatives
