Lmod has detected the following error: The following module(s) are unknown:
"singularity"

Please check the spelling or version number. Also try "module spider ..."
It is also possible your cache file is out-of-date; it may help to try:
  $ module --ignore_cache load "singularity"

Also make sure that all modulefiles written in TCL start with the string
#%Module



[2025-02-26 14:36 INFO] VirSorter 2.2.3
[2025-02-26 14:36 INFO] /miniconda3/bin/virsorter run -i ../data/grantham_assemblies_5kb/STM_0716_E_M_CoAs_E065_E061_IS1_megahit_final.contigs_5000.fa -w /fs/scratch/Sullivan_Lab/JamesR/Grantham_Bioreactor/01-build-vOTU-database/results/viral_contigs/vs2_pass1/STM_0716_E_M_CoAs_E065_E061_IS1_megahit_final.contigs_5000.fa --min-length 5000 --keep-original-seq --include-groups dsDNAphage,ssDNA --min-score 0.5 -j 30 all --rerun-incomplete
[2025-02-26 14:36 INFO] Using /miniconda3/lib/python3.7/site-packages/virsorter/template-config.yaml as config template
[2025-02-26 14:36 INFO] conig file written to /fs/scratch/Sullivan_Lab/JamesR/Grantham_Bioreactor/01-build-vOTU-database/results/viral_contigs/vs2_pass1/STM_0716_E_M_CoAs_E065_E061_IS1_megahit_final.contigs_5000.fa/config.yaml

[2025-02-26 14:36 INFO] Executing: snakemake --snakefile /miniconda3/lib/python3.7/site-packages/virsorter/Snakefile --directory /fs/scratch/Sullivan_Lab/JamesR/Grantham_Bioreactor/01-build-vOTU-database/results/viral_contigs/vs2_pass1/STM_0716_E_M_CoAs_E065_E061_IS1_megahit_final.contigs_5000.fa --jobs 30 --configfile /fs/scratch/Sullivan_Lab/JamesR/Grantham_Bioreactor/01-build-vOTU-database/results/viral_contigs/vs2_pass1/STM_0716_E_M_CoAs_E065_E061_IS1_megahit_final.contigs_5000.fa/config.yaml --latency-wait 600 --rerun-incomplete --nolock  --conda-frontend mamba --conda-prefix /db/conda_envs --use-conda    --quiet  all  --rerun-incomplete 
Job counts:
	count	jobs
	1	all
	1	check_point_for_reclassify
	1	circular_linear_split
	1	classify
	2	classify_by_group
	2	classify_full_and_part_by_group
	1	combine_linear_circular
	2	combine_linear_circular_by_group
	1	extract_feature
	1	extract_provirus_seqs
	1	finalize
	1	gff_feature
	2	gff_feature_by_group
	2	hmm_features_by_group
	1	hmm_sort_to_best_hit_taxon
	2	hmm_sort_to_best_hit_taxon_by_group
	1	merge_classification
	1	merge_full_and_part_classification
	2	merge_hmm_gff_features_by_group
	2	merge_provirus_call_by_group_by_split
	1	merge_provirus_call_from_groups
	5	merge_split_hmmtbl
	10	merge_split_hmmtbl_by_group
	10	merge_split_hmmtbl_by_group_tmp
	1	pick_viral_fullseq
	1	preprocess
	1	split_faa
	2	split_faa_by_group
	2	split_gff_by_group
	61
[2025-02-26 14:37 INFO] # of seqs < 5000 bp and removed: 0
[2025-02-26 14:37 INFO] # of circular seqs: 26
[2025-02-26 14:37 INFO] # of linear seqs  : 19079
[2025-02-26 14:37 INFO] Finish spliting circular contig file with common rbs
[2025-02-26 14:37 INFO] Finish spliting linear contig file with common rbs
[2025-02-26 14:40 INFO] Step 1 - preprocess finished.
[2025-02-26 16:30 INFO] Step 2 - extract-feature finished.
[2025-02-26 16:46 INFO] 
            ====> VirSorter run (provirus mode) finished.
            # of full    seqs (>=2 genes) as viral:	496
            # of partial seqs (>=2 genes) as viral:	6
            # of short   seqs (< 2 genes) as viral:	7

            Useful output files:
                final-viral-score.tsv       ==> score table
                final-viral-combined.fa     ==> all viral seqs
                final-viral-boundary.tsv    ==> table with boundary info
                
            
                Suffix is added to seq names in final-viral-combined.fa:
                full    seqs (>=2 genes) as viral:	||full
                partial seqs (>=2 genes) as viral:	||partial
                short   seqs (< 2 genes) as viral:	||lt2gene
                
                
            NOTES:
            Users can further screen the results based on the following 
                columns in final-viral-score.tsv:
                - contig length (length) 
                - hallmark gene count (hallmark)
                - viral gene % (viral) 
                - cellular gene % (cellular)
            The group field in final-viral-score.tsv should NOT be used
                as reliable taxonomy info

            <====
            
[2025-02-26 16:46 INFO] Step 3 - classify finished.

real	129m39.020s
user	1311m15.198s
sys	24m1.696s
