╭──────────────────────────────────────────────────────────────────────────────╮
│  Executing geNomad annotate (v1.8.0). This will perform gene calling in the  │
│  input sequences and annotate the predicted proteins with geNomad's          │
│  markers.                                                                    │
│  ──────────────────────────────────────────────────────────────────────────  │
│  Outputs:                                                                    │
│    /fs/scratch/Sullivan_Lab/JamesR/Grantham_Bioreactor/01-build-vOTU-databa  │
│    se/results/viral_contigs/genomad_pass2/MAGs.fa/proviruses_annotate        │
│    ├── proviruses_annotate.json (execution parameters)                       │
│    ├── proviruses_genes.tsv (gene annotation data)                           │
│    ├── proviruses_taxonomy.tsv (taxonomic assignment)                        │
│    ├── proviruses_mmseqs2.tsv (MMseqs2 output file)                          │
│    └── proviruses_proteins.faa (protein FASTA file)                          │
╰──────────────────────────────────────────────────────────────────────────────╯
[05:07:54] Executing genomad annotate.                                          
[05:07:54] Creating the                                                         
           /fs/scratch/Sullivan_Lab/JamesR/Grantham_Bioreactor/01-build-vOTU-dat
           abase/results/viral_contigs/genomad_pass2/MAGs.fa/proviruses_annotate
            directory.                                                          
[05:07:56] Proteins predicted with pyrodigal-gv were written to                 
           proviruses_proteins.faa.                                             
[05:09:08] Proteins annotated with MMseqs2 and geNomad database (v1.7) were     
           written to proviruses_mmseqs2.tsv.                                   
[05:09:08] Deleting proviruses_mmseqs2.                                         
[05:09:09] Gene data was written to proviruses_genes.tsv.                       
[05:09:09] Taxonomic assignment data was written to proviruses_taxonomy.tsv.    
[05:09:09] geNomad annotate finished!                                           
╭──────────────────────────────────────────────────────────────────────────────╮
│  Executing geNomad find-proviruses (v1.8.0). This will find putative         │
│  proviral regions within the input sequences.                                │
│  ──────────────────────────────────────────────────────────────────────────  │
│  Outputs:                                                                    │
│    /fs/scratch/Sullivan_Lab/JamesR/Grantham_Bioreactor/01-build-vOTU-databa  │
│    se/results/viral_contigs/genomad_pass2/MAGs.fa/proviruses_find_proviruse  │
│    s                                                                         │
│    ├── proviruses_find_proviruses.json (execution parameters)                │
│    ├── proviruses_provirus.tsv (provirus data)                               │
│    ├── proviruses_provirus.fna (provirus nucleotide sequences)               │
│    ├── proviruses_provirus_proteins.faa (provirus protein sequences)         │
│    ├── proviruses_provirus_genes.tsv (provirus gene annotation data)         │
│    ├── proviruses_provirus_taxonomy.tsv (provirus taxonomic assignment)      │
│    ├── proviruses_provirus_mmseqs2.tsv (MMseqs2 output file)                 │
│    └── proviruses_provirus_aragorn.tsv (Aragorn output file)                 │
╰──────────────────────────────────────────────────────────────────────────────╯
[05:09:09] Executing genomad find-proviruses.                                   
[05:09:09] Creating the                                                         
           /fs/scratch/Sullivan_Lab/JamesR/Grantham_Bioreactor/01-build-vOTU-dat
           abase/results/viral_contigs/genomad_pass2/MAGs.fa/proviruses_find_pro
           viruses directory.                                                   
[05:09:20] Integrases identified with MMseqs2 and geNomad database (v1.7) were  
           written to proviruses_provirus_mmseqs2.tsv.                          
[05:09:20] Deleting proviruses_provirus_mmseqs2.                                
[05:09:20] Deleting proviruses_provirus_mmseqs2_input.faa.                      
[05:09:20] tRNAs identified with Aragorn were written to                        
           proviruses_provirus_aragorn.tsv.                                     
[05:09:20] Deleting proviruses_provirus_aragorn_input.fna.                      
[05:09:21] Provirus regions identified.                                         
[05:09:21] Provirus data was written to proviruses_provirus.tsv.                
[05:09:21] Provirus nucleotide sequences were written to                        
           proviruses_provirus.fna.                                             
[05:09:21] Provirus protein sequences were written to                           
           proviruses_provirus_proteins.faa.                                    
[05:09:21] Provirus gene data was written to proviruses_provirus_genes.tsv.     
[05:09:21] Taxonomic assignment data was written to                             
           proviruses_provirus_taxonomy.tsv.                                    
[05:09:21] geNomad find-proviruses finished!                                    
╭──────────────────────────────────────────────────────────────────────────────╮
│  Executing geNomad marker-classification (v1.8.0). This will classify the    │
│  input sequences into chromosome, plasmid, or virus based on the presence    │
│  of geNomad markers and other gene-related features.                         │
│  ──────────────────────────────────────────────────────────────────────────  │
│  Outputs:                                                                    │
│    /fs/scratch/Sullivan_Lab/JamesR/Grantham_Bioreactor/01-build-vOTU-databa  │
│    se/results/viral_contigs/genomad_pass2/MAGs.fa/proviruses_marker_classif  │
│    ication                                                                   │
│    ├── proviruses_marker_classification.json (execution parameters)          │
│    ├── proviruses_features.tsv (sequence feature data: tabular format)       │
│    ├── proviruses_features.npz (sequence feature data: binary format)        │
│    ├── proviruses_marker_classification.tsv (sequence classification:        │
│    │   tabular format)                                                       │
│    ├── proviruses_marker_classification.npz (sequence classification:        │
│    │   binary format)                                                        │
│    ├── proviruses_provirus_features.tsv (provirus feature data: tabular      │
│    │   format)                                                               │
│    ├── proviruses_provirus_features.npz (provirus feature data: binary       │
│    │   format)                                                               │
│    ├── proviruses_provirus_marker_classification.tsv (provirus               │
│    │   classification: tabular format)                                       │
│    └── proviruses_provirus_marker_classification.npz (provirus               │
│        classification: binary format)                                        │
╰──────────────────────────────────────────────────────────────────────────────╯
[05:09:21] Executing genomad marker-classification.                             
[05:09:21] Creating the                                                         
           /fs/scratch/Sullivan_Lab/JamesR/Grantham_Bioreactor/01-build-vOTU-dat
           abase/results/viral_contigs/genomad_pass2/MAGs.fa/proviruses_marker_c
           lassification directory.                                             
[05:09:22] Sequence features computed.                                          
[05:09:22] Sequence features in binary format written to                        
           proviruses_features.npz.                                             
[05:09:22] Sequence features in tabular format written to                       
           proviruses_features.tsv.                                             
[05:09:22] Provirus features computed.                                          
[05:09:22] Provirus features in binary format written to                        
           proviruses_provirus_features.npz.                                    
[05:09:22] Provirus features in tabular format written to                       
           proviruses_provirus_features.tsv.                                    
[05:09:22] Sequences classified.                                                
[05:09:22] Sequence classification in binary format written to                  
           proviruses_marker_classification.npz.                                
[05:09:22] Sequence classification in tabular format written to                 
           proviruses_marker_classification.tsv.                                
[05:09:22] Proviruses classified.                                               
[05:09:22] Provirus classification in binary format written to                  
           proviruses_provirus_marker_classification.npz.                       
[05:09:22] Provirus classification in tabular format written to                 
           proviruses_provirus_marker_classification.tsv.                       
[05:09:22] geNomad marker-classification finished!                              
╭──────────────────────────────────────────────────────────────────────────────╮
│  Executing geNomad nn-classification (v1.8.0). This will classify the input  │
│  sequences into chromosome, plasmid, or virus based on the nucleotide        │
│  sequence.                                                                   │
│  ──────────────────────────────────────────────────────────────────────────  │
│  Outputs:                                                                    │
│    /fs/scratch/Sullivan_Lab/JamesR/Grantham_Bioreactor/01-build-vOTU-databa  │
│    se/results/viral_contigs/genomad_pass2/MAGs.fa/proviruses_nn_classificat  │
│    ion                                                                       │
│    ├── proviruses_nn_classification.json (execution parameters)              │
│    ├── proviruses_encoded_sequences (directory containing encoded sequence   │
│    │   data)                                                                 │
│    ├── proviruses_nn_classification.tsv (contig classification: tabular      │
│    │   format)                                                               │
│    ├── proviruses_nn_classification.npz (contig classification: binary       │
│    │   format)                                                               │
│    ├── proviruses_encoded_proviruses (directory containing encoded sequence  │
│    │   data)                                                                 │
│    ├── proviruses_provirus_nn_classification.tsv (provirus classification:   │
│    │   tabular format)                                                       │
│    └── proviruses_provirus_nn_classification.npz (provirus classification:   │
│        binary format)                                                        │
╰──────────────────────────────────────────────────────────────────────────────╯
[05:09:26] Executing genomad nn-classification.                                 
[05:09:26] Creating the                                                         
           /fs/scratch/Sullivan_Lab/JamesR/Grantham_Bioreactor/01-build-vOTU-dat
           abase/results/viral_contigs/genomad_pass2/MAGs.fa/proviruses_nn_class
           ification directory.                                                 
[05:09:26] Creating the                                                         
           /fs/scratch/Sullivan_Lab/JamesR/Grantham_Bioreactor/01-build-vOTU-dat
           abase/results/viral_contigs/genomad_pass2/MAGs.fa/proviruses_nn_class
           ification/proviruses_encoded_sequences directory.                    
[05:09:27] Encoded sequence data written to proviruses_encoded_sequences.       
[05:09:27] Creating the                                                         
           /fs/scratch/Sullivan_Lab/JamesR/Grantham_Bioreactor/01-build-vOTU-dat
           abase/results/viral_contigs/genomad_pass2/MAGs.fa/proviruses_nn_class
           ification/proviruses_encoded_proviruses directory.                   
[05:09:27] Encoded provirus data written to proviruses_encoded_proviruses.      

[05:09:31] Sequences classified.                                                
[05:09:31] Sequence classification in binary format written to                  
           proviruses_nn_classification.npz.                                    
[05:09:31] Deleting encoded sequence data.                                      
[05:09:32] Sequence classification in tabular format written to                 
           proviruses_nn_classification.tsv.                                    

[05:09:34] Proviruses classified.                                               
[05:09:34] Provirus classification in binary format written to                  
           proviruses_provirus_nn_classification.npz.                           
[05:09:34] Deleting encoded provirus data.                                      
[05:09:34] Provirus classification in tabular format written to                 
           proviruses_provirus_nn_classification.tsv.                           
[05:09:34] geNomad nn-classification finished!                                  
╭──────────────────────────────────────────────────────────────────────────────╮
│  Executing geNomad aggregated-classification (v1.8.0). This will aggregate   │
│  the results of the marker-classification and nn-classification modules to   │
│  classify the input sequences into chromosome, plasmid, or virus.            │
│  ──────────────────────────────────────────────────────────────────────────  │
│  Outputs:                                                                    │
│    /fs/scratch/Sullivan_Lab/JamesR/Grantham_Bioreactor/01-build-vOTU-databa  │
│    se/results/viral_contigs/genomad_pass2/MAGs.fa/proviruses_aggregated_cla  │
│    ssification                                                               │
│    ├── proviruses_aggregated_classification.json (execution parameters)      │
│    ├── proviruses_aggregated_classification.tsv (sequence classification:    │
│    │   tabular format)                                                       │
│    ├── proviruses_aggregated_classification.npz (sequence classification:    │
│    │   binary format)                                                        │
│    ├── proviruses_provirus_aggregated_classification.tsv (provirus           │
│    │   classification: tabular format)                                       │
│    └── proviruses_provirus_aggregated_classification.npz (provirus           │
│        classification: binary format)                                        │
╰──────────────────────────────────────────────────────────────────────────────╯
[05:09:34] Executing genomad aggregated-classification.                         
[05:09:34] Creating the                                                         
           /fs/scratch/Sullivan_Lab/JamesR/Grantham_Bioreactor/01-build-vOTU-dat
           abase/results/viral_contigs/genomad_pass2/MAGs.fa/proviruses_aggregat
           ed_classification directory.                                         
[05:09:34] The total marker frequencies of the input sequences were computed.   
[05:09:34] Sequences classified.                                                
[05:09:34] Sequence classification in binary format written to                  
           proviruses_aggregated_classification.npz.                            
[05:09:34] Sequence classification in tabular format written to                 
           proviruses_aggregated_classification.tsv.                            
[05:09:34] Proviruses classified.                                               
[05:09:34] Provirus classification in binary format written to                  
           proviruses_provirus_aggregated_classification.npz.                   
[05:09:34] Provirus classification in tabular format written to                 
           proviruses_provirus_aggregated_classification.tsv.                   
[05:09:34] geNomad aggregated-classification finished!                          
╭──────────────────────────────────────────────────────────────────────────────╮
│  Executing geNomad score-calibration (v1.8.0). This will calibrate the       │
│  classification scores based on the sample composition.                      │
│  ──────────────────────────────────────────────────────────────────────────  │
│  Outputs:                                                                    │
│    /fs/scratch/Sullivan_Lab/JamesR/Grantham_Bioreactor/01-build-vOTU-databa  │
│    se/results/viral_contigs/genomad_pass2/MAGs.fa/proviruses_score_calibrat  │
│    ion                                                                       │
│    ├── proviruses_score_calibration.json (execution parameters)              │
│    ├── proviruses_compositions.tsv (estimated compositions: tabular format)  │
│    ├── proviruses_compositions.npz (estimated compositions: binary format)   │
│    ├── proviruses_calibrated_marker_classification.tsv (calibrated sequence  │
│    │   marker-classification data: tabular format)                           │
│    ├── proviruses_calibrated_marker_classification.npz (calibrated sequence  │
│    │   marker-classification data: binary format)                            │
│    ├── proviruses_calibrated_nn_classification.tsv (calibrated sequence      │
│    │   nn-classification data: tabular format)                               │
│    ├── proviruses_calibrated_nn_classification.npz (calibrated sequence      │
│    │   nn-classification data: binary format)                                │
│    ├── proviruses_calibrated_aggregated_classification.tsv (calibrated       │
│    │   sequence aggregated-classification data: tabular format)              │
│    ├── proviruses_calibrated_aggregated_classification.npz (calibrated       │
│    │   sequence aggregated-classification data: binary format)               │
│    ├── proviruses_provirus_calibrated_marker_classification.tsv (calibrated  │
│    │   provirus marker-classification data: tabular format)                  │
│    ├── proviruses_provirus_calibrated_marker_classification.npz (calibrated  │
│    │   provirus marker-classification data: binary format)                   │
│    ├── proviruses_provirus_calibrated_nn_classification.tsv (calibrated      │
│    │   provirus nn-classification data: tabular format)                      │
│    ├── proviruses_provirus_calibrated_nn_classification.npz (calibrated      │
│    │   provirus nn-classification data: binary format)                       │
│    ├── proviruses_provirus_calibrated_aggregated_classification.tsv          │
│    │   (calibrated provirus aggregated-classification data: tabular format)  │
│    └── proviruses_provirus_calibrated_aggregated_classification.npz          │
│        (calibrated provirus aggregated-classification data: binary format)   │
╰──────────────────────────────────────────────────────────────────────────────╯
[05:09:34] Executing genomad score-calibration.                                 
[05:09:34] Creating the                                                         
           /fs/scratch/Sullivan_Lab/JamesR/Grantham_Bioreactor/01-build-vOTU-dat
           abase/results/viral_contigs/genomad_pass2/MAGs.fa/proviruses_score_ca
           libration directory.                                                 
[05:09:34] The uncalibrated classification scores were loaded.                  
[05:09:34] Your sample has less than 1,000 sequences, which does not allow      
           precise composition estimation. The 'metagenome' preset will be used 
           instead. If you want to force the empirical sample composition       
           estimation anyway, use the --force-auto option.                      
[05:09:34] Estimated compositions written to proviruses_compositions.tsv and    
           proviruses_compositions.npz.                                         
[05:09:34] The calibrated scores were computed.                                 
[05:09:34] Calibrated scores in binary format written to                        
           proviruses_calibrated_marker_classification.npz.                     
[05:09:34] Calibrated scores in tabular format written to                       
           proviruses_calibrated_marker_classification.tsv.                     
[05:09:34] Calibrated scores in binary format written to                        
           proviruses_provirus_calibrated_marker_classification.npz.            
[05:09:34] Calibrated scores in tabular format written to                       
           proviruses_provirus_calibrated_marker_classification.tsv.            
[05:09:34] Calibrated scores in binary format written to                        
           proviruses_calibrated_nn_classification.npz.                         
[05:09:34] Calibrated scores in tabular format written to                       
           proviruses_calibrated_nn_classification.tsv.                         
[05:09:34] Calibrated scores in binary format written to                        
           proviruses_provirus_calibrated_nn_classification.npz.                
[05:09:34] Calibrated scores in tabular format written to                       
           proviruses_provirus_calibrated_nn_classification.tsv.                
[05:09:34] Calibrated scores in binary format written to                        
           proviruses_calibrated_aggregated_classification.npz.                 
[05:09:34] Calibrated scores in tabular format written to                       
           proviruses_calibrated_aggregated_classification.tsv.                 
[05:09:34] Calibrated scores in binary format written to                        
           proviruses_provirus_calibrated_aggregated_classification.npz.        
[05:09:34] Calibrated scores in tabular format written to                       
           proviruses_provirus_calibrated_aggregated_classification.tsv.        
[05:09:34] geNomad score-calibration finished!                                  
╭──────────────────────────────────────────────────────────────────────────────╮
│  Executing geNomad summary (v1.8.0). This will summarize the results across  │
│  modules into a classification report.                                       │
│  ──────────────────────────────────────────────────────────────────────────  │
│  Outputs:                                                                    │
│    /fs/scratch/Sullivan_Lab/JamesR/Grantham_Bioreactor/01-build-vOTU-databa  │
│    se/results/viral_contigs/genomad_pass2/MAGs.fa/proviruses_summary         │
│    ├── proviruses_summary.json (execution parameters)                        │
│    ├── proviruses_virus_summary.tsv (virus classification summary)           │
│    ├── proviruses_plasmid_summary.tsv (plasmid classification summary)       │
│    ├── proviruses_virus.fna (virus nucleotide FASTA file)                    │
│    ├── proviruses_plasmid.fna (plasmid nucleotide FASTA file)                │
│    ├── proviruses_virus_proteins.faa (virus protein FASTA file)              │
│    ├── proviruses_plasmid_proteins.faa (plasmid protein FASTA file)          │
│    ├── proviruses_virus_genes.tsv (virus gene annotation data)               │
│    └── proviruses_plasmid_genes.tsv (plasmid gene annotation data)           │
╰──────────────────────────────────────────────────────────────────────────────╯
[05:09:34] Executing genomad summary.                                           
[05:09:34] Creating the                                                         
           /fs/scratch/Sullivan_Lab/JamesR/Grantham_Bioreactor/01-build-vOTU-dat
           abase/results/viral_contigs/genomad_pass2/MAGs.fa/proviruses_summary 
           directory.                                                           
[05:09:34] Using calibrated scores from aggregated-classification.              
[05:09:34] 0 plasmid(s) and 125 virus(es) were identified.                      
[05:09:34] Nucleotide sequences were written to proviruses_plasmid.fna and      
           proviruses_virus.fna.                                                
[05:09:34] Protein sequences were written to proviruses_plasmid_proteins.faa and
           proviruses_virus_proteins.faa.                                       
[05:09:34] Gene annotation data was written to proviruses_plasmid_genes.tsv and 
           proviruses_virus_genes.tsv.                                          
[05:09:34] Summary files were written to proviruses_plasmid_summary.tsv and     
           proviruses_virus_summary.tsv.                                        
[05:09:34] geNomad summary finished!                                            
