mkdir: cannot create directory ‘./viral_id_outputs/DRAMv/STM_0716_E_M_E026_E030_E034_A.contigs_1kb’: No such file or directory
2023-11-08 09:32:38.045774: Viral annotation started
Traceback (most recent call last):
  File "/fs/project/PAS1117/modules/DRAM/1.3.6/bin/DRAM-v.py", line 153, in <module>
    args.func(**args_dict)
  File "/fs/project/PAS1117/modules/DRAM/1.3.6/lib/python3.9/site-packages/mag_annotator/annotate_vgfs.py", line 450, in annotate_vgfs
    mkdir(output_dir)
FileNotFoundError: [Errno 2] No such file or directory: './viral_id_outputs/DRAMv/STM_0716_E_M_E026_E030_E034_A.contigs_1kb/DRAMv-annotate'

real	0m44.098s
user	0m2.665s
sys	0m0.942s
Traceback (most recent call last):
  File "/fs/project/PAS1117/modules/DRAM/1.3.6/bin/DRAM-v.py", line 153, in <module>
    args.func(**args_dict)
  File "/fs/project/PAS1117/modules/DRAM/1.3.6/lib/python3.9/site-packages/mag_annotator/summarize_vgfs.py", line 219, in summarize_vgfs
    annotations = pd.read_csv(input_file, sep='\t', index_col=0).fillna('')
  File "/fs/project/PAS1117/modules/DRAM/1.3.6/lib/python3.9/site-packages/pandas/util/_decorators.py", line 311, in wrapper
    return func(*args, **kwargs)
  File "/fs/project/PAS1117/modules/DRAM/1.3.6/lib/python3.9/site-packages/pandas/io/parsers/readers.py", line 680, in read_csv
    return _read(filepath_or_buffer, kwds)
  File "/fs/project/PAS1117/modules/DRAM/1.3.6/lib/python3.9/site-packages/pandas/io/parsers/readers.py", line 575, in _read
    parser = TextFileReader(filepath_or_buffer, **kwds)
  File "/fs/project/PAS1117/modules/DRAM/1.3.6/lib/python3.9/site-packages/pandas/io/parsers/readers.py", line 933, in __init__
    self._engine = self._make_engine(f, self.engine)
  File "/fs/project/PAS1117/modules/DRAM/1.3.6/lib/python3.9/site-packages/pandas/io/parsers/readers.py", line 1217, in _make_engine
    self.handles = get_handle(  # type: ignore[call-overload]
  File "/fs/project/PAS1117/modules/DRAM/1.3.6/lib/python3.9/site-packages/pandas/io/common.py", line 789, in get_handle
    handle = open(
FileNotFoundError: [Errno 2] No such file or directory: './viral_id_outputs/DRAMv/STM_0716_E_M_E026_E030_E034_A.contigs_1kb/DRAMv-annotate/annotations.tsv'

real	0m4.475s
user	0m1.154s
sys	0m0.343s
