WARNING: Environment variable LD_PRELOAD already has value [], will not forward new value [/apps/xalt/xalt/lib64/libxalt_init.so] from parent process environment
[2023-11-08 09:39 INFO] VirSorter 2.2.3
[2023-11-08 09:39 INFO] /miniconda3/bin/virsorter run -i ./viral_id_outputs/checkv/STM_0716_E_M_E026_E050_E061_E.contigs_1kb/combined.fna -w ./viral_id_outputs/vs2-pass2/STM_0716_E_M_E026_E050_E061_E.contigs_1kb --min-length 5000 --seqname-suffix-off --viral-gene-enrich-off --provirus-off --prep-for-dramv -j 20 --include-groups dsDNAphage,NCLDV,RNA,ssDNA,lavidaviridae --min-score 0.5 all
[2023-11-08 09:39 INFO] Using /miniconda3/lib/python3.7/site-packages/virsorter/template-config.yaml as config template
[2023-11-08 09:39 INFO] conig file written to /fs/scratch/Sullivan_Lab/JamesR/Grantham_Bioreactor/viral_id_outputs/vs2-pass2/STM_0716_E_M_E026_E050_E061_E.contigs_1kb/config.yaml

[2023-11-08 09:39 INFO] Executing: snakemake --snakefile /miniconda3/lib/python3.7/site-packages/virsorter/Snakefile --directory /fs/scratch/Sullivan_Lab/JamesR/Grantham_Bioreactor/viral_id_outputs/vs2-pass2/STM_0716_E_M_E026_E050_E061_E.contigs_1kb --jobs 20 --configfile /fs/scratch/Sullivan_Lab/JamesR/Grantham_Bioreactor/viral_id_outputs/vs2-pass2/STM_0716_E_M_E026_E050_E061_E.contigs_1kb/config.yaml --latency-wait 600 --rerun-incomplete --nolock  --conda-frontend mamba --conda-prefix /db/conda_envs --use-conda    --quiet  all   
Job counts:
	count	jobs
	1	all
	1	check_point_for_reclassify
	1	circular_linear_split
	1	classify
	5	classify_by_group
	1	combine_linear_circular
	5	combine_linear_circular_by_group
	1	extract_feature
	1	finalize
	1	get_viral_combined
	1	gff_feature
	5	gff_feature_by_group
	5	hmm_features_by_group
	1	hmm_sort_to_best_hit_taxon
	5	hmm_sort_to_best_hit_taxon_by_group
	5	merge_annotation_table_by_group_from_split
	1	merge_annotation_table_from_groups
	1	merge_classification
	5	merge_hmm_gff_features_by_group
	6	merge_split_hmmtbl
	30	merge_split_hmmtbl_by_group
	30	merge_split_hmmtbl_by_group_tmp
	1	pick_viral_fullseq
	1	preprocess
	1	split_faa
	5	split_faa_by_group
	5	split_gff_by_group
	126
[2023-11-08 09:39 INFO] # of seqs < 5000 bp and removed: 37
[2023-11-08 09:39 INFO] # of circular seqs: 15
[2023-11-08 09:39 INFO] # of linear seqs  : 1254
[2023-11-08 09:39 INFO] Finish spliting circular contig file with common rbs
[2023-11-08 09:39 INFO] Finish spliting linear contig file with common rbs
[2023-11-08 09:39 INFO] Finish spliting circular contig file with NCLDV rbs
[2023-11-08 09:39 INFO] Finish spliting linear contig file with NCLDV rbs
[2023-11-08 09:40 INFO] Step 1 - preprocess finished.
