WARNING: Environment variable LD_PRELOAD already has value [], will not forward new value [/apps/xalt/xalt/lib64/libxalt_init.so] from parent process environment
[2023-11-07 09:51 INFO] VirSorter 2.2.3
[2023-11-07 09:51 INFO] /miniconda3/bin/virsorter run -i ./scaffolds_1kb_renamed/STM_0716_E_M_E050_A.contigs_1kb.fa -w ./viral_id_outputs/vs2-pass1/STM_0716_E_M_E050_A.contigs_1kb --min-length 5000 --keep-original-seq --include-groups dsDNAphage,NCLDV,RNA,ssDNA,lavidaviridae --min-score 0.5 -j 20 all --rerun-incomplete
[2023-11-07 09:51 INFO] Using /miniconda3/lib/python3.7/site-packages/virsorter/template-config.yaml as config template
[2023-11-07 09:51 INFO] conig file written to /fs/scratch/Sullivan_Lab/JamesR/Grantham_Bioreactor/viral_id_outputs/vs2-pass1/STM_0716_E_M_E050_A.contigs_1kb/config.yaml

[2023-11-07 09:51 INFO] Executing: snakemake --snakefile /miniconda3/lib/python3.7/site-packages/virsorter/Snakefile --directory /fs/scratch/Sullivan_Lab/JamesR/Grantham_Bioreactor/viral_id_outputs/vs2-pass1/STM_0716_E_M_E050_A.contigs_1kb --jobs 20 --configfile /fs/scratch/Sullivan_Lab/JamesR/Grantham_Bioreactor/viral_id_outputs/vs2-pass1/STM_0716_E_M_E050_A.contigs_1kb/config.yaml --latency-wait 600 --rerun-incomplete --nolock  --conda-frontend mamba --conda-prefix /db/conda_envs --use-conda    --quiet  all  --rerun-incomplete 
Job counts:
	count	jobs
	1	all
	1	check_point_for_reclassify
	1	circular_linear_split
	1	classify
	5	classify_by_group
	5	classify_full_and_part_by_group
	1	combine_linear_circular
	5	combine_linear_circular_by_group
	1	extract_feature
	1	extract_provirus_seqs
	1	finalize
	1	gff_feature
	5	gff_feature_by_group
	5	hmm_features_by_group
	1	hmm_sort_to_best_hit_taxon
	5	hmm_sort_to_best_hit_taxon_by_group
	1	merge_classification
	1	merge_full_and_part_classification
	5	merge_hmm_gff_features_by_group
	5	merge_provirus_call_by_group_by_split
	1	merge_provirus_call_from_groups
	5	merge_split_hmmtbl
	25	merge_split_hmmtbl_by_group
	25	merge_split_hmmtbl_by_group_tmp
	1	pick_viral_fullseq
	1	preprocess
	1	split_faa
	5	split_faa_by_group
	5	split_gff_by_group
	121
[2023-11-07 09:52 INFO] # of seqs < 5000 bp and removed: 219044
[2023-11-07 09:52 INFO] # of circular seqs: 18
[2023-11-07 09:52 INFO] # of linear seqs  : 12659
[2023-11-07 09:52 INFO] Finish spliting circular contig file with common rbs
[2023-11-07 09:52 INFO] Finish spliting circular contig file with NCLDV rbs
[2023-11-07 09:52 INFO] Finish spliting linear contig file with common rbs
[2023-11-07 09:52 INFO] Finish spliting linear contig file with NCLDV rbs
[2023-11-07 09:55 INFO] Step 1 - preprocess finished.
[2023-11-07 12:05 INFO] Step 2 - extract-feature finished.
[2023-11-07 12:20 INFO] 
            ====> VirSorter run (provirus mode) finished.
            # of full    seqs (>=2 genes) as viral:	591
            # of partial seqs (>=2 genes) as viral:	3
            # of short   seqs (< 2 genes) as viral:	1

            Useful output files:
                final-viral-score.tsv       ==> score table
                final-viral-combined.fa     ==> all viral seqs
                final-viral-boundary.tsv    ==> table with boundary info
                
            
                Suffix is added to seq names in final-viral-combined.fa:
                full    seqs (>=2 genes) as viral:	||full
                partial seqs (>=2 genes) as viral:	||partial
                short   seqs (< 2 genes) as viral:	||lt2gene
                
                
            NOTES:
            Users can further screen the results based on the following 
                columns in final-viral-score.tsv:
                - contig length (length) 
                - hallmark gene count (hallmark)
                - viral gene % (viral) 
                - cellular gene % (cellular)
            The group field in final-viral-score.tsv should NOT be used
                as reliable taxonomy info

            <====
            
[2023-11-07 12:20 INFO] Step 3 - classify finished.

real	149m2.722s
user	2081m29.299s
sys	51m16.581s
