WARNING: Environment variable LD_PRELOAD already has value [], will not forward new value [/apps/xalt/xalt/lib64/libxalt_init.so] from parent process environment
[2023-11-07 13:55 INFO] VirSorter 2.2.3
[2023-11-07 13:55 INFO] /miniconda3/bin/virsorter run -i ./scaffolds_1kb_renamed/scaffolds.fa -w ./viral_id_outputs/vs2-pass1/scaffolds --min-length 5000 --keep-original-seq --include-groups dsDNAphage,NCLDV,RNA,ssDNA,lavidaviridae --min-score 0.5 -j 20 all --rerun-incomplete
[2023-11-07 13:55 INFO] Using /miniconda3/lib/python3.7/site-packages/virsorter/template-config.yaml as config template
[2023-11-07 13:55 INFO] conig file written to /fs/scratch/Sullivan_Lab/JamesR/Grantham_Bioreactor/viral_id_outputs/vs2-pass1/scaffolds/config.yaml

[2023-11-07 13:55 INFO] Executing: snakemake --snakefile /miniconda3/lib/python3.7/site-packages/virsorter/Snakefile --directory /fs/scratch/Sullivan_Lab/JamesR/Grantham_Bioreactor/viral_id_outputs/vs2-pass1/scaffolds --jobs 20 --configfile /fs/scratch/Sullivan_Lab/JamesR/Grantham_Bioreactor/viral_id_outputs/vs2-pass1/scaffolds/config.yaml --latency-wait 600 --rerun-incomplete --nolock  --conda-frontend mamba --conda-prefix /db/conda_envs --use-conda    --quiet  all  --rerun-incomplete 
Job counts:
	count	jobs
	1	all
	1	check_point_for_reclassify
	1	circular_linear_split
	1	classify
	5	classify_by_group
	5	classify_full_and_part_by_group
	1	combine_linear_circular
	5	combine_linear_circular_by_group
	1	extract_feature
	1	extract_provirus_seqs
	1	finalize
	1	gff_feature
	5	gff_feature_by_group
	5	hmm_features_by_group
	1	hmm_sort_to_best_hit_taxon
	5	hmm_sort_to_best_hit_taxon_by_group
	1	merge_classification
	1	merge_full_and_part_classification
	5	merge_hmm_gff_features_by_group
	5	merge_provirus_call_by_group_by_split
	1	merge_provirus_call_from_groups
	5	merge_split_hmmtbl
	25	merge_split_hmmtbl_by_group
	25	merge_split_hmmtbl_by_group_tmp
	1	pick_viral_fullseq
	1	preprocess
	1	split_faa
	5	split_faa_by_group
	5	split_gff_by_group
	121
[2023-11-07 13:56 INFO] # of seqs < 5000 bp and removed: 281349
[2023-11-07 13:56 INFO] # of circular seqs: 173
[2023-11-07 13:56 INFO] # of linear seqs  : 433262
[2023-11-07 13:56 INFO] Finish spliting circular contig file with common rbs
[2023-11-07 13:56 INFO] Finish spliting circular contig file with NCLDV rbs
[2023-11-07 13:57 INFO] Finish spliting linear contig file with common rbs
[2023-11-07 13:57 INFO] Finish spliting linear contig file with NCLDV rbs
[2023-11-07 15:16 INFO] Step 1 - preprocess finished.
slurmstepd: error: *** JOB 24622856 ON p0043 CANCELLED AT 2023-11-08T01:56:18 DUE TO TIME LIMIT ***
